[	03-06-2019 10:24:23	] [BAN ACTION] A new ban record has been added. Player: 'iFeeer7' was banned by 'Pubers' for 'PG - PG2' until '06/04/2019 10:24:23'.
[	05-06-2019 17:51:55	] [KICK ACTION] Player: Agustin Blanco has kicked: Dysar for: You have been kicked. Reason: GG.
[	06-06-2019 21:02:48	] [BAN ACTION] The following ban record has been removed (player unbanned). [Player: iFeeer7 was banned by Pubers for PG - PG2 until 6/4/2019 10:24:23 AM.]
[	07-06-2019 04:43:37	] [BAN ACTION] A new ban record has been added. Player: 'Brunitoo1464' was banned by 'Agustin Blanco' for 'PG' until '6/8/2019 4:43:37 AM'.
[	08-06-2019 03:14:47	] [BAN ACTION] A new ban record has been added. Player: 'Foxi' was banned by 'Agustin Blanco' for 'MG' until '6/9/2019 3:14:47 AM'.
[	08-06-2019 03:14:59	] [BAN ACTION] A new ban record has been added. Player: 'SoloMaTTu' was banned by 'Agustin Blanco' for 'MG' until '6/9/2019 3:14:59 AM'.
[	08-06-2019 03:15:44	] [BAN ACTION] A new ban record has been added. Player: 'Damus' was banned by 'Agustin Blanco' for 'MG' until '6/9/2019 3:15:44 AM'.
[	08-06-2019 03:23:45	] [BAN ACTION] A new ban record has been added. Player: 'iony' was banned by 'Agustin Blanco' for 'MG' until '6/9/2019 3:23:45 AM'.
[	08-06-2019 03:59:30	] [BAN ACTION] A new ban record has been added. Player: 'Perrekeql' was banned by 'Agustin Blanco' for 'MG' until '6/9/2019 3:59:30 AM'.
[	08-06-2019 07:03:59	] [BAN ACTION] A new ban record has been added. Player: 'Kemo' was banned by 'Agustin Blanco' for 'PG' until '6/9/2019 7:03:59 AM'.
[	09-06-2019 02:40:06	] [BAN ACTION] The following ban record has been removed (player unbanned). The player has been unbanned because their ban duration expired. [Player: Brunitoo1464 was banned by Agustin Blanco for PG until 6/8/2019 4:43:37 AM.]
[	09-06-2019 03:15:58	] [BAN ACTION] The following ban record has been removed (player unbanned). The player has been unbanned because their ban duration expired. [Player: SoloMaTTu was banned by Agustin Blanco for MG until 6/9/2019 3:14:59 AM.]
[	09-06-2019 03:20:38	] [BAN ACTION] The following ban record has been removed (player unbanned). The player has been unbanned because their ban duration expired. [Player: Damus was banned by Agustin Blanco for MG until 6/9/2019 3:15:44 AM.]
[	09-06-2019 03:46:58	] [BAN ACTION] The following ban record has been removed (player unbanned). The player has been unbanned because their ban duration expired. [Player: iony was banned by Agustin Blanco for MG until 6/9/2019 3:23:45 AM.]
[	09-06-2019 04:07:08	] [BAN ACTION] The following ban record has been removed (player unbanned). The player has been unbanned because their ban duration expired. [Player: Foxi was banned by Agustin Blanco for MG until 6/9/2019 3:14:47 AM.]
[	09-06-2019 04:28:47	] [BAN ACTION] The following ban record has been removed (player unbanned). The player has been unbanned because their ban duration expired. [Player: Perrekeql was banned by Agustin Blanco for MG until 6/9/2019 3:59:30 AM.]
[	09-06-2019 20:53:24	] [BAN ACTION] The following ban record has been removed (player unbanned). The player has been unbanned because their ban duration expired. [Player: Kemo was banned by Agustin Blanco for PG until 6/9/2019 7:03:59 AM.]
[	10-06-2019 09:33:44	] [KICK ACTION] Player: ^1Dysar has kicked: JDA for: You have been kicked. Reason: AFK.
[	13-06-2019 11:43:51	] [BAN ACTION] A new ban record has been added. Player: 'TEKNO' was banned by '1Dysar' for 'No saber rolear/PG y no valorar tu vida - Habla con Agustin Blanco.' until '6/14/2019 11:43:50 AM'.
[	14-06-2019 01:19:53	] [BAN ACTION] A new ban record has been added. Player: 'Chukychu' was banned by 'Agustin Blanco' for 'PG2-Forzar Rol' until '6/15/2019 1:19:53 AM'.
[	14-06-2019 22:18:02	] [KICK ACTION] Player: SoNNy has kicked: Spiria for: You have been kicked. Reason: ..
[	14-06-2019 22:18:22	] [KICK ACTION] Player: SoNNy has kicked: ᠌ ᠌ ᠌᠌ ᠌ ᠌Roba ᠌ for: You have been kicked. Reason: ..
[	14-06-2019 22:29:34	] [KICK ACTION] Player: SoNNy has kicked: RyzoX for: You have been kicked. Reason: ..
[	15-06-2019 01:22:35	] [BAN ACTION] The following ban record has been removed (player unbanned). The player has been unbanned because their ban duration expired. [Player: Chukychu was banned by Agustin Blanco for PG2-Forzar Rol until 6/15/2019 1:19:53 AM.]
[	17-06-2019 17:30:37	] [BAN ACTION] The following ban record has been removed (player unbanned). The player has been unbanned because their ban duration expired. [Player: TEKNO was banned by 1Dysar for No saber rolear/PG y no valorar tu vida - Habla con Agustin Blanco. until 6/14/2019 11:43:50 AM.]
[	18-06-2019 08:51:15	] [BAN ACTION] A new ban record has been added. Player: '3Daddy Pls' was banned by '1Dysar' for 'Usar otra cuenta de otro usuario para entrar al servidor. Hablar con Agustin Blanco.' until '6/19/2019 8:51:14 AM'.
[	18-06-2019 11:34:55	] [BAN ACTION] A new ban record has been added. Player: '87Lumy87*' was banned by 'Agustin Blanco' for 'MG - Mezclar IC con OOC - ' until '6/19/2019 11:34:55 AM'.
[	19-06-2019 11:35:36	] [BAN ACTION] The following ban record has been removed (player unbanned). The player has been unbanned because their ban duration expired. [Player: 87Lumy87* was banned by Agustin Blanco for MG - Mezclar IC con OOC -  until 6/19/2019 11:34:55 AM.]
[	22-06-2019 11:21:41	] [KICK ACTION] Player: Agustin Blanco has kicked: Chukychu for: You have been kicked. Reason: Reloguee eh dicho.
[	24-06-2019 02:27:32	] [BAN ACTION] The following ban record has been removed (player unbanned). The player has been unbanned because their ban duration expired. [Player: 3Daddy Pls was banned by 1Dysar for Usar otra cuenta de otro usuario para entrar al servidor. Hablar con Agustin Blanco. until 6/19/2019 8:51:14 AM.]
[	27-06-2019 04:20:03	] [BAN ACTION] A new ban record has been added. Player: 'M A J E S T' was banned by 'iNSaNeCGz7' for 'Motivo: IOOC' until '6/28/2019 4:20:02 AM'.
[	28-06-2019 04:21:16	] [BAN ACTION] The following ban record has been removed (player unbanned). The player has been unbanned because their ban duration expired. [Player: M A J E S T was banned by iNSaNeCGz7 for Motivo: IOOC until 6/28/2019 4:20:02 AM.]
[	29-06-2019 07:16:53	] [BAN ACTION] A new ban record has been added. Player: 'Twitch.tv/Majest92' was banned by 'Dysar' for 'Antirol' until '6/30/2019 7:16:53 AM'.
[	01-07-2019 08:13:39	] [BAN ACTION] The following ban record has been removed (player unbanned). The player has been unbanned because their ban duration expired. [Player: Twitch.tv/Majest92 was banned by Dysar for Antirol until 6/30/2019 7:16:53 AM.]
[	02-07-2019 16:13:46	] [KICK ACTION] Player: Agustin Blanco has kicked: gbrl for: You have been kicked. Reason: Reinicio obligado.
[	02-07-2019 16:13:58	] [KICK ACTION] Player: Agustin Blanco has kicked: Rayo de Plata for: You have been kicked. Reason: Reinicio obligado.
[	06-07-2019 16:57:46	] [KICK ACTION] Player: Dysar has kicked: ✪ ulala señor flanseis for: You have been kicked. Reason: por pelotudo.
[	08-07-2019 01:06:39	] [BAN ACTION] A new ban record has been added. Player: 'caste' was banned by 'Dysar' for 'Antirol' until '7/8/2019 1:06:39 PM'.
[	08-07-2019 21:16:47	] [BAN ACTION] The following ban record has been removed (player unbanned). The player has been unbanned because their ban duration expired. [Player: caste was banned by Dysar for Antirol until 7/8/2019 1:06:39 PM.]
[	09-07-2019 05:02:58	] [BAN ACTION] A new ban record has been added. Player: 'Facu4K' was banned by 'Dysar' for 'Banned by staff.' until '1/1/3000 12:00:00 AM'.
[	09-07-2019 22:11:42	] [BAN ACTION] A new ban record has been added. Player: 'elvowe_TTV' was banned by 'KaysaGG' for 'Acumulación de 3 Warnings, correspondiente a 1 strike. Por toxiqueo en canal de voz hacia la facción de Policias y Administración, colocando la canción del Chavo del 8.' until '7/10/2019 10:11:42 PM'.
[	11-07-2019 15:06:24	] [BAN ACTION] The following ban record has been removed (player unbanned). The player has been unbanned because their ban duration expired. [Player: elvowe_TTV was banned by KaysaGG for Acumulación de 3 Warnings, correspondiente a 1 strike. Por toxiqueo en canal de voz hacia la facción de Policias y Administración, colocando la canción del Chavo del 8. until 7/10/2019 10:11:42 PM.]
[	28-07-2019 12:55:42	] [KICK ACTION] Player: Fernando Suarez has kicked: Demon for: You have been kicked. Reason: AFK.
[	29-07-2019 06:56:23	] [BAN ACTION] A new ban record has been added. Player: 'Noterloader' was banned by 'KaysaGG' for 'Subirse a un vehiculo policial.' until '7/29/2019 6:56:23 PM'.
[	29-07-2019 19:12:16	] [BAN ACTION] The following ban record has been removed (player unbanned). The player has been unbanned because their ban duration expired. [Player: Noterloader was banned by KaysaGG for Subirse a un vehiculo policial. until 7/29/2019 6:56:23 PM.]
[	30-07-2019 18:30:57	] [BAN ACTION] A new ban record has been added. Player: 'Lieutenant Foster' was banned by 'Dysar' for 'IOOC, Usar discord como civil y enojarse OOC por cosas IC.' until '7/31/2019 6:30:57 PM'.
[	31-07-2019 19:40:28	] [BAN ACTION] The following ban record has been removed (player unbanned). The player has been unbanned because their ban duration expired. [Player: Lieutenant Foster was banned by Dysar for IOOC, Usar discord como civil y enojarse OOC por cosas IC. until 7/31/2019 6:30:57 PM.]
[	02-08-2019 03:43:35	] [KICK ACTION] Player: Dysar has kicked: Luciano Lopez for: You have been kicked. Reason: AFK.
[	04-08-2019 03:02:44	] [BAN ACTION] A new ban record has been added. Player: 'ileomoreno' was banned by 'KaysaGG' for 'Acumulación de Antirol.' until '8/5/2019 3:02:44 AM'.
[	04-08-2019 19:42:54	] [KICK ACTION] Player: KaysaGG has kicked: sierras1216 for: You have been kicked. Reason: AFK.
[	04-08-2019 23:16:21	] [BAN ACTION] A new ban record has been added. Player: 'Raul' was banned by 'KaysaGG' for 'Acumulación de antirol.' until '8/5/2019 11:16:21 PM'.
[	06-08-2019 14:14:45	] [BAN ACTION] The following ban record has been removed (player unbanned). The player has been unbanned because their ban duration expired. [Player: ileomoreno was banned by KaysaGG for Acumulación de Antirol. until 8/5/2019 3:02:44 AM.]
[	12-08-2019 04:10:45	] [KICK ACTION] Player: Agustin Blanco has kicked: munkka for: You have been kicked. Reason: Reloguea .
[	20-08-2019 02:39:10	] [KICK ACTION] Player: Agustin Blanco has kicked: Mpche for: You have been kicked. Reason: Reloguea .
[	05-09-2019 04:12:07	] [KICK ACTION] Player: Agustin Blanco has kicked: Dx. for: You have been kicked. Reason: ..
[	06-09-2019 05:11:50	] [KICK ACTION] Player: Agustin Blanco has kicked: tatO´ for: You have been kicked. Reason: Reloguea, besitos en la nalga.
